<?xml version="1.0" encoding="UTF-8" ?>
<testsuite failures="0" time="0.016" errors="0" skipped="0" tests="5" name="org.xmdl.taslak.service.impl.ProfileManagerImplTest">
  <properties>
[...]
</properties>
  <testcase time="0.016" classname="org.xmdl.taslak.service.impl.ProfileManagerImplTest" name="testSearch"/>
  <testcase time="0" classname="org.xmdl.taslak.service.impl.ProfileManagerImplTest" name="testGet"/>
  <testcase time="0" classname="org.xmdl.taslak.service.impl.ProfileManagerImplTest" name="testGetAll"/>
  <testcase time="0" classname="org.xmdl.taslak.service.impl.ProfileManagerImplTest" name="testSave"/>
  <testcase time="0" classname="org.xmdl.taslak.service.impl.ProfileManagerImplTest" name="testRemove"/>
</testsuite>